<?xml version="1.0" encoding="UTF-8"?>
<testng-results skipped="1" failed="0" total="1" passed="0">
  <reporter-output>
  </reporter-output>
  <suite name="Default suite" duration-ms="104" started-at="2019-05-28T03:15:15Z" finished-at="2019-05-28T03:15:15Z">
    <groups>
    </groups>
    <test name="Default test" duration-ms="104" started-at="2019-05-28T03:15:15Z" finished-at="2019-05-28T03:15:15Z">
      <class name="com.inetbanking.testcases.TC_LoginTest_001">
        <test-method status="FAIL" signature="Setup(java.lang.String)[pri:0, instance:com.inetbanking.testcases.TC_LoginTest_001@72d818d1]" name="Setup" is-config="true" duration-ms="0" started-at="2019-05-28T08:45:15Z" finished-at="2019-05-28T08:45:15Z">
          <exception class="org.testng.TestNGException">
            <message>
              <![CDATA[
Parameter 'browser' is required by @Configuration on method Setup but has not been marked @Optional or defined
in C:\Users\DHANVI\AppData\Local\Temp\testng-eclipse--1921649625\testng-customsuite.xml]]>
            </message>
            <full-stacktrace>
              <![CDATA[org.testng.TestNGException: 
Parameter 'browser' is required by @Configuration on method Setup but has not been marked @Optional or defined
in C:\Users\DHANVI\AppData\Local\Temp\testng-eclipse--1921649625\testng-customsuite.xml
	at org.testng.internal.Parameters.createParameters(Parameters.java:155)
	at org.testng.internal.Parameters.createParameters(Parameters.java:355)
	at org.testng.internal.Parameters.createConfigurationParameters(Parameters.java:86)
	at org.testng.internal.Invoker.invokeConfigurations(Invoker.java:199)
	at org.testng.internal.Invoker.invokeConfigurations(Invoker.java:138)
	at org.testng.internal.TestMethodWorker.invokeBeforeClassMethods(TestMethodWorker.java:175)
	at org.testng.internal.TestMethodWorker.run(TestMethodWorker.java:107)
	at org.testng.TestRunner.privateRun(TestRunner.java:767)
	at org.testng.TestRunner.run(TestRunner.java:617)
	at org.testng.SuiteRunner.runTest(SuiteRunner.java:334)
	at org.testng.SuiteRunner.runSequentially(SuiteRunner.java:329)
	at org.testng.SuiteRunner.privateRun(SuiteRunner.java:291)
	at org.testng.SuiteRunner.run(SuiteRunner.java:240)
	at org.testng.SuiteRunnerWorker.runSuite(SuiteRunnerWorker.java:52)
	at org.testng.SuiteRunnerWorker.run(SuiteRunnerWorker.java:86)
	at org.testng.TestNG.runSuitesSequentially(TestNG.java:1198)
	at org.testng.TestNG.runSuitesLocally(TestNG.java:1123)
	at org.testng.TestNG.run(TestNG.java:1031)
	at org.testng.remote.AbstractRemoteTestNG.run(AbstractRemoteTestNG.java:115)
	at org.testng.remote.RemoteTestNG.initAndRun(RemoteTestNG.java:251)
	at org.testng.remote.RemoteTestNG.main(RemoteTestNG.java:77)
]]>
            </full-stacktrace>
          </exception> <!-- org.testng.TestNGException -->
          <reporter-output>
          </reporter-output>
        </test-method> <!-- Setup -->
        <test-method status="SKIP" signature="loginTest()[pri:0, instance:com.inetbanking.testcases.TC_LoginTest_001@72d818d1]" name="loginTest" duration-ms="12" started-at="2019-05-28T08:45:15Z" finished-at="2019-05-28T08:45:15Z">
          <reporter-output>
          </reporter-output>
        </test-method> <!-- loginTest -->
        <test-method status="SKIP" signature="tearDown()[pri:0, instance:com.inetbanking.testcases.TC_LoginTest_001@72d818d1]" name="tearDown" is-config="true" duration-ms="0" started-at="2019-05-28T08:45:15Z" finished-at="2019-05-28T08:45:15Z">
          <reporter-output>
          </reporter-output>
        </test-method> <!-- tearDown -->
      </class> <!-- com.inetbanking.testcases.TC_LoginTest_001 -->
    </test> <!-- Default test -->
  </suite> <!-- Default suite -->
</testng-results>
