<?xml version="1.0" encoding="UTF-8"?>
<testng-results skipped="0" failed="0" total="1" passed="1">
  <reporter-output>
  </reporter-output>
  <suite name="Default suite" duration-ms="29736" started-at="2019-05-09T03:03:29Z" finished-at="2019-05-09T03:03:58Z">
    <groups>
    </groups>
    <test name="Default test" duration-ms="29736" started-at="2019-05-09T03:03:29Z" finished-at="2019-05-09T03:03:58Z">
      <class name="com.TestCases.TestCase_NewPost_002">
        <test-method status="PASS" signature="TcPost()[pri:0, instance:com.TestCases.TestCase_NewPost_002@26be92ad]" name="TcPost" duration-ms="29704" started-at="2019-05-09T08:33:29Z" finished-at="2019-05-09T08:33:58Z">
          <reporter-output>
          </reporter-output>
        </test-method> <!-- TcPost -->
      </class> <!-- com.TestCases.TestCase_NewPost_002 -->
    </test> <!-- Default test -->
  </suite> <!-- Default suite -->
</testng-results>
